********* QUERY **********
SET CLIENT_ENCODING TO UTF8;
**************************

SET
********* QUERY **********
SET STANDARD_CONFORMING_STRINGS TO ON;
**************************

SET
********* QUERY **********
SELECT DropGeometryColumn('','tz_greenland_mask','geom');
**************************

                 dropgeometrycolumn                 
----------------------------------------------------
 public.tz_greenland_mask.geom effectively removed.
(1 row)

********* QUERY **********
DROP TABLE "tz_greenland_mask";
**************************

DROP TABLE
********* QUERY **********
BEGIN;
**************************

BEGIN
********* QUERY **********
CREATE TABLE "tz_greenland_mask" (gid serial PRIMARY KEY,
"tzid" varchar(20));
**************************

CREATE TABLE
********* QUERY **********
SELECT AddGeometryColumn('','tz_greenland_mask','geom','4326','POLYGON',2);
**************************

                      addgeometrycolumn                       
--------------------------------------------------------------
 public.tz_greenland_mask.geom SRID:4326 TYPE:POLYGON DIMS:2 
(1 row)

********* QUERY **********
INSERT INTO "tz_greenland_mask" ("tzid",geom) VALUES ('America/Thule','0103000020E6100000010000000500000000000080478E52C0000000E01ACD5140000000C064E452C000000060A2D953401C88E6D211B650C002917437E9E953403112F3D0D0AA4FC0B2B63C9D9FEB524000000080478E52C0000000E01ACD5140');
**************************

INSERT 0 1
********* QUERY **********
INSERT INTO "tz_greenland_mask" ("tzid",geom) VALUES ('America/Scoresbysund','0103000020E61000000100000005000000CCF9B4C8339538C040325F43F99F5140BD57339F876338C068AC1365C51D5240D3FF11BF372B35C01FBB16ABB2F451405D662A8E021C35C0D5D12E3149865140CCF9B4C8339538C040325F43F99F5140');
**************************

INSERT 0 1
********* QUERY **********
INSERT INTO "tz_greenland_mask" ("tzid",geom) VALUES ('America/Danmarkshavn','0103000020E61000000100000005000000F40A1D4739EB36C0A3C2F5A7B4FC524080FCA0E74EAC36C0C502D972D3E95340E80E06C964D330C0C66D8A0A05D8534047E63F46EA4831C0D80F319156E75240F40A1D4739EB36C0A3C2F5A7B4FC5240');
**************************

INSERT 0 1
********* QUERY **********
INSERT INTO "tz_greenland_mask" ("tzid",geom) VALUES ('America/Godthab','0103000020E610000001000000150000003112F3D0D0AA4FC0B2B63C9D9FEB52401C88E6D211B650C002917437E9E95340000000A0924151C000000060312454404D75354CE8F450C0AC866F7AD26A5540B4D8F68A271636C0C808076AA1785540B62AA084561625C06B2E21B706CC5440229D828F1DA623C0CDFBEC40A0805340E80E06C964D330C0C66D8A0A05D8534080FCA0E74EAC36C0C502D972D3E95340F40A1D4739EB36C0A3C2F5A7B4FC524047E63F46EA4831C0D80F319156E75240057E72F26AF22FC0E17A5CE940635240D3FF11BF372B35C01FBB16ABB2F45140BD57339F876338C068AC1365C51D5240CCF9B4C8339538C040325F43F99F51405D662A8E021C35C0D5D12E3149865140BF7D0D0C55F135C0402C737C20EC50401EA20419D72545C0D089E640098F4C40DA151B523C4A4AC05C14DCEE13D44C4014A4525EC4044FC08F458DB7D39151403112F3D0D0AA4FC0B2B63C9D9FEB5240');
**************************

INSERT 0 1
********* QUERY **********
CREATE INDEX "tz_greenland_mask_geom_gist" ON "tz_greenland_mask" using gist ("geom" gist_geometry_ops);
**************************

CREATE INDEX
********* QUERY **********
COMMIT;
**************************

COMMIT
********* QUERY **********
SET CLIENT_ENCODING TO UTF8;
**************************

SET
********* QUERY **********
SET STANDARD_CONFORMING_STRINGS TO ON;
**************************

SET
********* QUERY **********
SELECT DropGeometryColumn('','tz_greenland_mask','geom');
**************************

                 dropgeometrycolumn                 
----------------------------------------------------
 public.tz_greenland_mask.geom effectively removed.
(1 row)

********* QUERY **********
DROP TABLE "tz_greenland_mask";
**************************

DROP TABLE
********* QUERY **********
BEGIN;
**************************

BEGIN
********* QUERY **********
CREATE TABLE "tz_greenland_mask" (gid serial PRIMARY KEY,
"tzid" varchar(20));
**************************

CREATE TABLE
********* QUERY **********
SELECT AddGeometryColumn('','tz_greenland_mask','geom','4326','POLYGON',2);
**************************

                      addgeometrycolumn                       
--------------------------------------------------------------
 public.tz_greenland_mask.geom SRID:4326 TYPE:POLYGON DIMS:2 
(1 row)

********* QUERY **********
INSERT INTO "tz_greenland_mask" ("tzid",geom) VALUES ('America/Thule','0103000020E6100000010000000500000000000080478E52C0000000E01ACD5140000000C064E452C000000060A2D953401C88E6D211B650C002917437E9E953403112F3D0D0AA4FC0B2B63C9D9FEB524000000080478E52C0000000E01ACD5140');
**************************

INSERT 0 1
********* QUERY **********
INSERT INTO "tz_greenland_mask" ("tzid",geom) VALUES ('America/Scoresbysund','0103000020E61000000100000005000000CCF9B4C8339538C040325F43F99F5140BD57339F876338C068AC1365C51D5240D3FF11BF372B35C01FBB16ABB2F451405D662A8E021C35C0D5D12E3149865140CCF9B4C8339538C040325F43F99F5140');
**************************

INSERT 0 1
********* QUERY **********
INSERT INTO "tz_greenland_mask" ("tzid",geom) VALUES ('America/Danmarkshavn','0103000020E61000000100000005000000F40A1D4739EB36C0A3C2F5A7B4FC524080FCA0E74EAC36C0C502D972D3E95340E80E06C964D330C0C66D8A0A05D8534047E63F46EA4831C0D80F319156E75240F40A1D4739EB36C0A3C2F5A7B4FC5240');
**************************

INSERT 0 1
********* QUERY **********
INSERT INTO "tz_greenland_mask" ("tzid",geom) VALUES ('America/Godthab','0103000020E610000001000000150000003112F3D0D0AA4FC0B2B63C9D9FEB52401C88E6D211B650C002917437E9E95340000000A0924151C000000060312454404D75354CE8F450C0AC866F7AD26A5540B4D8F68A271636C0C808076AA1785540B62AA084561625C06B2E21B706CC5440229D828F1DA623C0CDFBEC40A0805340E80E06C964D330C0C66D8A0A05D8534080FCA0E74EAC36C0C502D972D3E95340F40A1D4739EB36C0A3C2F5A7B4FC524047E63F46EA4831C0D80F319156E75240057E72F26AF22FC0E17A5CE940635240D3FF11BF372B35C01FBB16ABB2F45140BD57339F876338C068AC1365C51D5240CCF9B4C8339538C040325F43F99F51405D662A8E021C35C0D5D12E3149865140BF7D0D0C55F135C0402C737C20EC50401EA20419D72545C0D089E640098F4C40DA151B523C4A4AC05C14DCEE13D44C4014A4525EC4044FC08F458DB7D39151403112F3D0D0AA4FC0B2B63C9D9FEB5240');
**************************

INSERT 0 1
********* QUERY **********
CREATE INDEX "tz_greenland_mask_geom_gist" ON "tz_greenland_mask" using gist ("geom" gist_geometry_ops);
**************************

CREATE INDEX
********* QUERY **********
COMMIT;
**************************

COMMIT
********* QUERY **********
SET CLIENT_ENCODING TO UTF8;
**************************

SET
********* QUERY **********
SET STANDARD_CONFORMING_STRINGS TO ON;
**************************

SET
********* QUERY **********
SELECT DropGeometryColumn('','tz_greenland_mask','geom');
**************************

********* QUERY **********
DROP TABLE "tz_greenland_mask";
**************************

********* QUERY **********
BEGIN;
**************************

BEGIN
********* QUERY **********
CREATE TABLE "tz_greenland_mask" (gid serial,
"tzid" varchar(20));
**************************

CREATE TABLE
********* QUERY **********
ALTER TABLE "tz_greenland_mask" ADD PRIMARY KEY (gid);
**************************

ALTER TABLE
********* QUERY **********
SELECT AddGeometryColumn('','tz_greenland_mask','geom','4326','POLYGON',2);
**************************

                      addgeometrycolumn                       
--------------------------------------------------------------
 public.tz_greenland_mask.geom SRID:4326 TYPE:POLYGON DIMS:2 
(1 row)

********* QUERY **********
INSERT INTO "tz_greenland_mask" ("tzid",geom) VALUES ('America/Thule','0103000020E6100000010000000500000000000080478E52C0000000E01ACD5140000000C064E452C000000060A2D953401C88E6D211B650C002917437E9E953403112F3D0D0AA4FC0B2B63C9D9FEB524000000080478E52C0000000E01ACD5140');
**************************

INSERT 0 1
********* QUERY **********
INSERT INTO "tz_greenland_mask" ("tzid",geom) VALUES ('America/Scoresbysund','0103000020E61000000100000005000000CCF9B4C8339538C040325F43F99F5140BD57339F876338C068AC1365C51D5240D3FF11BF372B35C01FBB16ABB2F451405D662A8E021C35C0D5D12E3149865140CCF9B4C8339538C040325F43F99F5140');
**************************

INSERT 0 1
********* QUERY **********
INSERT INTO "tz_greenland_mask" ("tzid",geom) VALUES ('America/Danmarkshavn','0103000020E61000000100000005000000F40A1D4739EB36C0A3C2F5A7B4FC524080FCA0E74EAC36C0C502D972D3E95340E80E06C964D330C0C66D8A0A05D8534047E63F46EA4831C0D80F319156E75240F40A1D4739EB36C0A3C2F5A7B4FC5240');
**************************

INSERT 0 1
********* QUERY **********
INSERT INTO "tz_greenland_mask" ("tzid",geom) VALUES ('America/Godthab','0103000020E610000001000000150000003112F3D0D0AA4FC0B2B63C9D9FEB52401C88E6D211B650C002917437E9E95340000000A0924151C000000060312454404D75354CE8F450C0AC866F7AD26A5540B4D8F68A271636C0C808076AA1785540B62AA084561625C06B2E21B706CC5440229D828F1DA623C0CDFBEC40A0805340E80E06C964D330C0C66D8A0A05D8534080FCA0E74EAC36C0C502D972D3E95340F40A1D4739EB36C0A3C2F5A7B4FC524047E63F46EA4831C0D80F319156E75240057E72F26AF22FC0E17A5CE940635240D3FF11BF372B35C01FBB16ABB2F45140BD57339F876338C068AC1365C51D5240CCF9B4C8339538C040325F43F99F51405D662A8E021C35C0D5D12E3149865140BF7D0D0C55F135C0402C737C20EC50401EA20419D72545C0D089E640098F4C40DA151B523C4A4AC05C14DCEE13D44C4014A4525EC4044FC08F458DB7D39151403112F3D0D0AA4FC0B2B63C9D9FEB5240');
**************************

INSERT 0 1
********* QUERY **********
CREATE INDEX "tz_greenland_mask_geom_gist" ON "tz_greenland_mask" USING GIST ("geom");
**************************

CREATE INDEX
********* QUERY **********
COMMIT;
**************************

COMMIT
********* QUERY **********
SET CLIENT_ENCODING TO UTF8;
**************************

SET
********* QUERY **********
SET STANDARD_CONFORMING_STRINGS TO ON;
**************************

SET
********* QUERY **********
SELECT DropGeometryColumn('','tz_greenland_mask','geom');
**************************

                 dropgeometrycolumn                 
----------------------------------------------------
 public.tz_greenland_mask.geom effectively removed.
(1 row)

********* QUERY **********
DROP TABLE "tz_greenland_mask";
**************************

DROP TABLE
********* QUERY **********
BEGIN;
**************************

BEGIN
********* QUERY **********
CREATE TABLE "tz_greenland_mask" (gid serial,
"tzid" varchar(20));
**************************

CREATE TABLE
********* QUERY **********
ALTER TABLE "tz_greenland_mask" ADD PRIMARY KEY (gid);
**************************

ALTER TABLE
********* QUERY **********
SELECT AddGeometryColumn('','tz_greenland_mask','geom','4326','POLYGON',2);
**************************

                      addgeometrycolumn                       
--------------------------------------------------------------
 public.tz_greenland_mask.geom SRID:4326 TYPE:POLYGON DIMS:2 
(1 row)

********* QUERY **********
INSERT INTO "tz_greenland_mask" ("tzid",geom) VALUES ('America/Thule','0103000020E6100000010000000500000000000080478E52C0000000E01ACD5140000000C064E452C000000060A2D953401C88E6D211B650C002917437E9E953403112F3D0D0AA4FC0B2B63C9D9FEB524000000080478E52C0000000E01ACD5140');
**************************

INSERT 0 1
********* QUERY **********
INSERT INTO "tz_greenland_mask" ("tzid",geom) VALUES ('America/Scoresbysund','0103000020E61000000100000005000000CCF9B4C8339538C040325F43F99F5140BD57339F876338C068AC1365C51D5240D3FF11BF372B35C01FBB16ABB2F451405D662A8E021C35C0D5D12E3149865140CCF9B4C8339538C040325F43F99F5140');
**************************

INSERT 0 1
********* QUERY **********
INSERT INTO "tz_greenland_mask" ("tzid",geom) VALUES ('America/Danmarkshavn','0103000020E61000000100000005000000F40A1D4739EB36C0A3C2F5A7B4FC524080FCA0E74EAC36C0C502D972D3E95340E80E06C964D330C0C66D8A0A05D8534047E63F46EA4831C0D80F319156E75240F40A1D4739EB36C0A3C2F5A7B4FC5240');
**************************

INSERT 0 1
********* QUERY **********
INSERT INTO "tz_greenland_mask" ("tzid",geom) VALUES ('America/Godthab','0103000020E610000001000000150000003112F3D0D0AA4FC0B2B63C9D9FEB52401C88E6D211B650C002917437E9E95340000000A0924151C000000060312454404D75354CE8F450C0AC866F7AD26A5540B4D8F68A271636C0C808076AA1785540B62AA084561625C06B2E21B706CC5440229D828F1DA623C0CDFBEC40A0805340E80E06C964D330C0C66D8A0A05D8534080FCA0E74EAC36C0C502D972D3E95340F40A1D4739EB36C0A3C2F5A7B4FC524047E63F46EA4831C0D80F319156E75240057E72F26AF22FC0E17A5CE940635240D3FF11BF372B35C01FBB16ABB2F45140BD57339F876338C068AC1365C51D5240CCF9B4C8339538C040325F43F99F51405D662A8E021C35C0D5D12E3149865140BF7D0D0C55F135C0402C737C20EC50401EA20419D72545C0D089E640098F4C40DA151B523C4A4AC05C14DCEE13D44C4014A4525EC4044FC08F458DB7D39151403112F3D0D0AA4FC0B2B63C9D9FEB5240');
**************************

INSERT 0 1
********* QUERY **********
CREATE INDEX "tz_greenland_mask_geom_gist" ON "tz_greenland_mask" USING GIST ("geom");
**************************

CREATE INDEX
********* QUERY **********
COMMIT;
**************************

COMMIT
********* QUERY **********
SET CLIENT_ENCODING TO UTF8;
**************************

SET
********* QUERY **********
SET STANDARD_CONFORMING_STRINGS TO ON;
**************************

SET
********* QUERY **********
SELECT DropGeometryColumn('','tz_greenland_mask','geom');
**************************

                 dropgeometrycolumn                 
----------------------------------------------------
 public.tz_greenland_mask.geom effectively removed.
(1 row)

********* QUERY **********
DROP TABLE "tz_greenland_mask";
**************************

DROP TABLE
********* QUERY **********
BEGIN;
**************************

BEGIN
********* QUERY **********
CREATE TABLE "tz_greenland_mask" (gid serial,
"tzid" varchar(20));
**************************

CREATE TABLE
********* QUERY **********
ALTER TABLE "tz_greenland_mask" ADD PRIMARY KEY (gid);
**************************

ALTER TABLE
********* QUERY **********
SELECT AddGeometryColumn('','tz_greenland_mask','geom','4326','POLYGON',2);
**************************

                      addgeometrycolumn                       
--------------------------------------------------------------
 public.tz_greenland_mask.geom SRID:4326 TYPE:POLYGON DIMS:2 
(1 row)

********* QUERY **********
INSERT INTO "tz_greenland_mask" ("tzid",geom) VALUES ('America/Thule','0103000020E6100000010000000500000000000080478E52C0000000E01ACD5140000000C064E452C000000060A2D953401C88E6D211B650C002917437E9E953403112F3D0D0AA4FC0B2B63C9D9FEB524000000080478E52C0000000E01ACD5140');
**************************

INSERT 0 1
********* QUERY **********
INSERT INTO "tz_greenland_mask" ("tzid",geom) VALUES ('America/Scoresbysund','0103000020E61000000100000005000000CCF9B4C8339538C040325F43F99F5140BD57339F876338C068AC1365C51D5240D3FF11BF372B35C01FBB16ABB2F451405D662A8E021C35C0D5D12E3149865140CCF9B4C8339538C040325F43F99F5140');
**************************

INSERT 0 1
********* QUERY **********
INSERT INTO "tz_greenland_mask" ("tzid",geom) VALUES ('America/Danmarkshavn','0103000020E61000000100000005000000F40A1D4739EB36C0A3C2F5A7B4FC524080FCA0E74EAC36C0C502D972D3E95340E80E06C964D330C0C66D8A0A05D8534047E63F46EA4831C0D80F319156E75240F40A1D4739EB36C0A3C2F5A7B4FC5240');
**************************

INSERT 0 1
********* QUERY **********
INSERT INTO "tz_greenland_mask" ("tzid",geom) VALUES ('America/Godthab','0103000020E610000001000000150000003112F3D0D0AA4FC0B2B63C9D9FEB52401C88E6D211B650C002917437E9E95340000000A0924151C000000060312454404D75354CE8F450C0AC866F7AD26A5540B4D8F68A271636C0C808076AA1785540B62AA084561625C06B2E21B706CC5440229D828F1DA623C0CDFBEC40A0805340E80E06C964D330C0C66D8A0A05D8534080FCA0E74EAC36C0C502D972D3E95340F40A1D4739EB36C0A3C2F5A7B4FC524047E63F46EA4831C0D80F319156E75240057E72F26AF22FC0E17A5CE940635240D3FF11BF372B35C01FBB16ABB2F45140BD57339F876338C068AC1365C51D5240CCF9B4C8339538C040325F43F99F51405D662A8E021C35C0D5D12E3149865140BF7D0D0C55F135C0402C737C20EC50401EA20419D72545C0D089E640098F4C40DA151B523C4A4AC05C14DCEE13D44C4014A4525EC4044FC08F458DB7D39151403112F3D0D0AA4FC0B2B63C9D9FEB5240');
**************************

INSERT 0 1
********* QUERY **********
CREATE INDEX "tz_greenland_mask_geom_gist" ON "tz_greenland_mask" USING GIST ("geom");
**************************

CREATE INDEX
********* QUERY **********
COMMIT;
**************************

COMMIT
********* QUERY **********
SET CLIENT_ENCODING TO UTF8;
**************************

SET
********* QUERY **********
SET STANDARD_CONFORMING_STRINGS TO ON;
**************************

SET
********* QUERY **********
SELECT DropGeometryColumn('','tz_greenland_mask','geom');
**************************

                 dropgeometrycolumn                 
----------------------------------------------------
 public.tz_greenland_mask.geom effectively removed.
(1 row)

********* QUERY **********
DROP TABLE "tz_greenland_mask";
**************************

DROP TABLE
********* QUERY **********
BEGIN;
**************************

BEGIN
********* QUERY **********
CREATE TABLE "tz_greenland_mask" (gid serial,
"tzid" varchar(20));
**************************

CREATE TABLE
********* QUERY **********
ALTER TABLE "tz_greenland_mask" ADD PRIMARY KEY (gid);
**************************

ALTER TABLE
********* QUERY **********
SELECT AddGeometryColumn('','tz_greenland_mask','geom','4326','POLYGON',2);
**************************

                      addgeometrycolumn                       
--------------------------------------------------------------
 public.tz_greenland_mask.geom SRID:4326 TYPE:POLYGON DIMS:2 
(1 row)

********* QUERY **********
INSERT INTO "tz_greenland_mask" ("tzid",geom) VALUES ('America/Thule','0103000020E6100000010000000500000000000080478E52C0000000E01ACD5140000000C064E452C000000060A2D953401C88E6D211B650C002917437E9E953403112F3D0D0AA4FC0B2B63C9D9FEB524000000080478E52C0000000E01ACD5140');
**************************

INSERT 0 1
********* QUERY **********
INSERT INTO "tz_greenland_mask" ("tzid",geom) VALUES ('America/Scoresbysund','0103000020E61000000100000005000000CCF9B4C8339538C040325F43F99F5140BD57339F876338C068AC1365C51D5240D3FF11BF372B35C01FBB16ABB2F451405D662A8E021C35C0D5D12E3149865140CCF9B4C8339538C040325F43F99F5140');
**************************

INSERT 0 1
********* QUERY **********
INSERT INTO "tz_greenland_mask" ("tzid",geom) VALUES ('America/Danmarkshavn','0103000020E61000000100000005000000F40A1D4739EB36C0A3C2F5A7B4FC524080FCA0E74EAC36C0C502D972D3E95340E80E06C964D330C0C66D8A0A05D8534047E63F46EA4831C0D80F319156E75240F40A1D4739EB36C0A3C2F5A7B4FC5240');
**************************

INSERT 0 1
********* QUERY **********
INSERT INTO "tz_greenland_mask" ("tzid",geom) VALUES ('America/Godthab','0103000020E610000001000000150000003112F3D0D0AA4FC0B2B63C9D9FEB52401C88E6D211B650C002917437E9E95340000000A0924151C000000060312454404D75354CE8F450C0AC866F7AD26A5540B4D8F68A271636C0C808076AA1785540B62AA084561625C06B2E21B706CC5440229D828F1DA623C0CDFBEC40A0805340E80E06C964D330C0C66D8A0A05D8534080FCA0E74EAC36C0C502D972D3E95340F40A1D4739EB36C0A3C2F5A7B4FC524047E63F46EA4831C0D80F319156E75240057E72F26AF22FC0E17A5CE940635240D3FF11BF372B35C01FBB16ABB2F45140BD57339F876338C068AC1365C51D5240CCF9B4C8339538C040325F43F99F51405D662A8E021C35C0D5D12E3149865140BF7D0D0C55F135C0402C737C20EC50401EA20419D72545C0D089E640098F4C40DA151B523C4A4AC05C14DCEE13D44C4014A4525EC4044FC08F458DB7D39151403112F3D0D0AA4FC0B2B63C9D9FEB5240');
**************************

INSERT 0 1
********* QUERY **********
CREATE INDEX "tz_greenland_mask_geom_gist" ON "tz_greenland_mask" USING GIST ("geom");
**************************

CREATE INDEX
********* QUERY **********
COMMIT;
**************************

COMMIT
********* QUERY **********
SET CLIENT_ENCODING TO UTF8;
**************************

SET
********* QUERY **********
SET STANDARD_CONFORMING_STRINGS TO ON;
**************************

SET
********* QUERY **********
SELECT DropGeometryColumn('','tz_greenland_mask','geom');
**************************

                 dropgeometrycolumn                 
----------------------------------------------------
 public.tz_greenland_mask.geom effectively removed.
(1 row)

********* QUERY **********
DROP TABLE "tz_greenland_mask";
**************************

DROP TABLE
********* QUERY **********
BEGIN;
**************************

BEGIN
********* QUERY **********
CREATE TABLE "tz_greenland_mask" (gid serial,
"tzid" varchar(20));
**************************

CREATE TABLE
********* QUERY **********
ALTER TABLE "tz_greenland_mask" ADD PRIMARY KEY (gid);
**************************

ALTER TABLE
********* QUERY **********
SELECT AddGeometryColumn('','tz_greenland_mask','geom','4326','POLYGON',2);
**************************

                      addgeometrycolumn                       
--------------------------------------------------------------
 public.tz_greenland_mask.geom SRID:4326 TYPE:POLYGON DIMS:2 
(1 row)

********* QUERY **********
INSERT INTO "tz_greenland_mask" ("tzid",geom) VALUES ('America/Thule','0103000020E6100000010000000500000000000080478E52C0000000E01ACD5140000000C064E452C000000060A2D953401C88E6D211B650C002917437E9E953403112F3D0D0AA4FC0B2B63C9D9FEB524000000080478E52C0000000E01ACD5140');
**************************

INSERT 0 1
********* QUERY **********
INSERT INTO "tz_greenland_mask" ("tzid",geom) VALUES ('America/Scoresbysund','0103000020E61000000100000005000000CCF9B4C8339538C040325F43F99F5140BD57339F876338C068AC1365C51D5240D3FF11BF372B35C01FBB16ABB2F451405D662A8E021C35C0D5D12E3149865140CCF9B4C8339538C040325F43F99F5140');
**************************

INSERT 0 1
********* QUERY **********
INSERT INTO "tz_greenland_mask" ("tzid",geom) VALUES ('America/Danmarkshavn','0103000020E61000000100000005000000F40A1D4739EB36C0A3C2F5A7B4FC524080FCA0E74EAC36C0C502D972D3E95340E80E06C964D330C0C66D8A0A05D8534047E63F46EA4831C0D80F319156E75240F40A1D4739EB36C0A3C2F5A7B4FC5240');
**************************

INSERT 0 1
********* QUERY **********
INSERT INTO "tz_greenland_mask" ("tzid",geom) VALUES ('America/Godthab','0103000020E610000001000000150000003112F3D0D0AA4FC0B2B63C9D9FEB52401C88E6D211B650C002917437E9E95340000000A0924151C000000060312454404D75354CE8F450C0AC866F7AD26A5540B4D8F68A271636C0C808076AA1785540B62AA084561625C06B2E21B706CC5440229D828F1DA623C0CDFBEC40A0805340E80E06C964D330C0C66D8A0A05D8534080FCA0E74EAC36C0C502D972D3E95340F40A1D4739EB36C0A3C2F5A7B4FC524047E63F46EA4831C0D80F319156E75240057E72F26AF22FC0E17A5CE940635240D3FF11BF372B35C01FBB16ABB2F45140BD57339F876338C068AC1365C51D5240CCF9B4C8339538C040325F43F99F51405D662A8E021C35C0D5D12E3149865140BF7D0D0C55F135C0402C737C20EC50401EA20419D72545C0D089E640098F4C40DA151B523C4A4AC05C14DCEE13D44C4014A4525EC4044FC08F458DB7D39151403112F3D0D0AA4FC0B2B63C9D9FEB5240');
**************************

INSERT 0 1
********* QUERY **********
CREATE INDEX "tz_greenland_mask_geom_gist" ON "tz_greenland_mask" USING GIST ("geom");
**************************

CREATE INDEX
********* QUERY **********
COMMIT;
**************************

COMMIT
********* QUERY **********
SET CLIENT_ENCODING TO UTF8;
**************************

SET
********* QUERY **********
SET STANDARD_CONFORMING_STRINGS TO ON;
**************************

SET
********* QUERY **********
SELECT DropGeometryColumn('','tz_greenland_mask','geom');
**************************

                 dropgeometrycolumn                 
----------------------------------------------------
 public.tz_greenland_mask.geom effectively removed.
(1 row)

********* QUERY **********
DROP TABLE "tz_greenland_mask";
**************************

DROP TABLE
********* QUERY **********
BEGIN;
**************************

BEGIN
********* QUERY **********
CREATE TABLE "tz_greenland_mask" (gid serial,
"tzid" varchar(20));
**************************

CREATE TABLE
********* QUERY **********
ALTER TABLE "tz_greenland_mask" ADD PRIMARY KEY (gid);
**************************

ALTER TABLE
********* QUERY **********
SELECT AddGeometryColumn('','tz_greenland_mask','geom','4326','POLYGON',2);
**************************

                      addgeometrycolumn                       
--------------------------------------------------------------
 public.tz_greenland_mask.geom SRID:4326 TYPE:POLYGON DIMS:2 
(1 row)

********* QUERY **********
INSERT INTO "tz_greenland_mask" ("tzid",geom) VALUES ('America/Thule','0103000020E6100000010000000500000000000080478E52C0000000E01ACD5140000000C064E452C000000060A2D953401C88E6D211B650C002917437E9E953403112F3D0D0AA4FC0B2B63C9D9FEB524000000080478E52C0000000E01ACD5140');
**************************

INSERT 0 1
********* QUERY **********
INSERT INTO "tz_greenland_mask" ("tzid",geom) VALUES ('America/Scoresbysund','0103000020E61000000100000005000000CCF9B4C8339538C040325F43F99F5140BD57339F876338C068AC1365C51D5240D3FF11BF372B35C01FBB16ABB2F451405D662A8E021C35C0D5D12E3149865140CCF9B4C8339538C040325F43F99F5140');
**************************

INSERT 0 1
********* QUERY **********
INSERT INTO "tz_greenland_mask" ("tzid",geom) VALUES ('America/Danmarkshavn','0103000020E61000000100000005000000F40A1D4739EB36C0A3C2F5A7B4FC524080FCA0E74EAC36C0C502D972D3E95340E80E06C964D330C0C66D8A0A05D8534047E63F46EA4831C0D80F319156E75240F40A1D4739EB36C0A3C2F5A7B4FC5240');
**************************

INSERT 0 1
********* QUERY **********
INSERT INTO "tz_greenland_mask" ("tzid",geom) VALUES ('America/Godthab','0103000020E610000001000000150000003112F3D0D0AA4FC0B2B63C9D9FEB52401C88E6D211B650C002917437E9E95340000000A0924151C000000060312454404D75354CE8F450C0AC866F7AD26A5540B4D8F68A271636C0C808076AA1785540B62AA084561625C06B2E21B706CC5440229D828F1DA623C0CDFBEC40A0805340E80E06C964D330C0C66D8A0A05D8534080FCA0E74EAC36C0C502D972D3E95340F40A1D4739EB36C0A3C2F5A7B4FC524047E63F46EA4831C0D80F319156E75240057E72F26AF22FC0E17A5CE940635240D3FF11BF372B35C01FBB16ABB2F45140BD57339F876338C068AC1365C51D5240CCF9B4C8339538C040325F43F99F51405D662A8E021C35C0D5D12E3149865140BF7D0D0C55F135C0402C737C20EC50401EA20419D72545C0D089E640098F4C40DA151B523C4A4AC05C14DCEE13D44C4014A4525EC4044FC08F458DB7D39151403112F3D0D0AA4FC0B2B63C9D9FEB5240');
**************************

INSERT 0 1
********* QUERY **********
CREATE INDEX "tz_greenland_mask_geom_gist" ON "tz_greenland_mask" USING GIST ("geom");
**************************

CREATE INDEX
********* QUERY **********
COMMIT;
**************************

COMMIT
********* QUERY **********
SET CLIENT_ENCODING TO UTF8;
**************************

SET
********* QUERY **********
SET STANDARD_CONFORMING_STRINGS TO ON;
**************************

SET
********* QUERY **********
SELECT DropGeometryColumn('','tz_greenland_mask','geom');
**************************

                 dropgeometrycolumn                 
----------------------------------------------------
 public.tz_greenland_mask.geom effectively removed.
(1 row)

********* QUERY **********
DROP TABLE "tz_greenland_mask";
**************************

DROP TABLE
********* QUERY **********
BEGIN;
**************************

BEGIN
********* QUERY **********
CREATE TABLE "tz_greenland_mask" (gid serial,
"tzid" varchar(20));
**************************

CREATE TABLE
********* QUERY **********
ALTER TABLE "tz_greenland_mask" ADD PRIMARY KEY (gid);
**************************

ALTER TABLE
********* QUERY **********
SELECT AddGeometryColumn('','tz_greenland_mask','geom','4326','POLYGON',2);
**************************

                      addgeometrycolumn                       
--------------------------------------------------------------
 public.tz_greenland_mask.geom SRID:4326 TYPE:POLYGON DIMS:2 
(1 row)

********* QUERY **********
INSERT INTO "tz_greenland_mask" ("tzid",geom) VALUES ('America/Thule','0103000020E6100000010000000500000000000080478E52C0000000E01ACD5140000000C064E452C000000060A2D953401C88E6D211B650C002917437E9E953403112F3D0D0AA4FC0B2B63C9D9FEB524000000080478E52C0000000E01ACD5140');
**************************

INSERT 0 1
********* QUERY **********
INSERT INTO "tz_greenland_mask" ("tzid",geom) VALUES ('America/Scoresbysund','0103000020E61000000100000005000000CCF9B4C8339538C040325F43F99F5140BD57339F876338C068AC1365C51D5240D3FF11BF372B35C01FBB16ABB2F451405D662A8E021C35C0D5D12E3149865140CCF9B4C8339538C040325F43F99F5140');
**************************

INSERT 0 1
********* QUERY **********
INSERT INTO "tz_greenland_mask" ("tzid",geom) VALUES ('America/Danmarkshavn','0103000020E61000000100000005000000F40A1D4739EB36C0A3C2F5A7B4FC524080FCA0E74EAC36C0C502D972D3E95340E80E06C964D330C0C66D8A0A05D8534047E63F46EA4831C0D80F319156E75240F40A1D4739EB36C0A3C2F5A7B4FC5240');
**************************

INSERT 0 1
********* QUERY **********
INSERT INTO "tz_greenland_mask" ("tzid",geom) VALUES ('America/Godthab','0103000020E610000001000000150000003112F3D0D0AA4FC0B2B63C9D9FEB52401C88E6D211B650C002917437E9E95340000000A0924151C000000060312454404D75354CE8F450C0AC866F7AD26A5540B4D8F68A271636C0C808076AA1785540B62AA084561625C06B2E21B706CC5440229D828F1DA623C0CDFBEC40A0805340E80E06C964D330C0C66D8A0A05D8534080FCA0E74EAC36C0C502D972D3E95340F40A1D4739EB36C0A3C2F5A7B4FC524047E63F46EA4831C0D80F319156E75240057E72F26AF22FC0E17A5CE940635240D3FF11BF372B35C01FBB16ABB2F45140BD57339F876338C068AC1365C51D5240CCF9B4C8339538C040325F43F99F51405D662A8E021C35C0D5D12E3149865140BF7D0D0C55F135C0402C737C20EC50401EA20419D72545C0D089E640098F4C40DA151B523C4A4AC05C14DCEE13D44C4014A4525EC4044FC08F458DB7D39151403112F3D0D0AA4FC0B2B63C9D9FEB5240');
**************************

INSERT 0 1
********* QUERY **********
CREATE INDEX "tz_greenland_mask_geom_gist" ON "tz_greenland_mask" USING GIST ("geom");
**************************

CREATE INDEX
********* QUERY **********
COMMIT;
**************************

COMMIT
********* QUERY **********
SET CLIENT_ENCODING TO UTF8;
**************************

SET
********* QUERY **********
SET STANDARD_CONFORMING_STRINGS TO ON;
**************************

SET
********* QUERY **********
SELECT DropGeometryColumn('','tz_greenland_mask','geom');
**************************

                 dropgeometrycolumn                 
----------------------------------------------------
 public.tz_greenland_mask.geom effectively removed.
(1 row)

********* QUERY **********
DROP TABLE "tz_greenland_mask";
**************************

DROP TABLE
********* QUERY **********
BEGIN;
**************************

BEGIN
********* QUERY **********
CREATE TABLE "tz_greenland_mask" (gid serial,
"tzid" varchar(20));
**************************

CREATE TABLE
********* QUERY **********
ALTER TABLE "tz_greenland_mask" ADD PRIMARY KEY (gid);
**************************

ALTER TABLE
********* QUERY **********
SELECT AddGeometryColumn('','tz_greenland_mask','geom','4326','POLYGON',2);
**************************

                      addgeometrycolumn                       
--------------------------------------------------------------
 public.tz_greenland_mask.geom SRID:4326 TYPE:POLYGON DIMS:2 
(1 row)

********* QUERY **********
INSERT INTO "tz_greenland_mask" ("tzid",geom) VALUES ('America/Thule','0103000020E6100000010000000500000000000080478E52C0000000E01ACD5140000000C064E452C000000060A2D953401C88E6D211B650C002917437E9E953403112F3D0D0AA4FC0B2B63C9D9FEB524000000080478E52C0000000E01ACD5140');
**************************

INSERT 0 1
********* QUERY **********
INSERT INTO "tz_greenland_mask" ("tzid",geom) VALUES ('America/Scoresbysund','0103000020E61000000100000005000000CCF9B4C8339538C040325F43F99F5140BD57339F876338C068AC1365C51D5240D3FF11BF372B35C01FBB16ABB2F451405D662A8E021C35C0D5D12E3149865140CCF9B4C8339538C040325F43F99F5140');
**************************

INSERT 0 1
********* QUERY **********
INSERT INTO "tz_greenland_mask" ("tzid",geom) VALUES ('America/Danmarkshavn','0103000020E61000000100000005000000F40A1D4739EB36C0A3C2F5A7B4FC524080FCA0E74EAC36C0C502D972D3E95340E80E06C964D330C0C66D8A0A05D8534047E63F46EA4831C0D80F319156E75240F40A1D4739EB36C0A3C2F5A7B4FC5240');
**************************

INSERT 0 1
********* QUERY **********
INSERT INTO "tz_greenland_mask" ("tzid",geom) VALUES ('America/Godthab','0103000020E610000001000000150000003112F3D0D0AA4FC0B2B63C9D9FEB52401C88E6D211B650C002917437E9E95340000000A0924151C000000060312454404D75354CE8F450C0AC866F7AD26A5540B4D8F68A271636C0C808076AA1785540B62AA084561625C06B2E21B706CC5440229D828F1DA623C0CDFBEC40A0805340E80E06C964D330C0C66D8A0A05D8534080FCA0E74EAC36C0C502D972D3E95340F40A1D4739EB36C0A3C2F5A7B4FC524047E63F46EA4831C0D80F319156E75240057E72F26AF22FC0E17A5CE940635240D3FF11BF372B35C01FBB16ABB2F45140BD57339F876338C068AC1365C51D5240CCF9B4C8339538C040325F43F99F51405D662A8E021C35C0D5D12E3149865140BF7D0D0C55F135C0402C737C20EC50401EA20419D72545C0D089E640098F4C40DA151B523C4A4AC05C14DCEE13D44C4014A4525EC4044FC08F458DB7D39151403112F3D0D0AA4FC0B2B63C9D9FEB5240');
**************************

INSERT 0 1
********* QUERY **********
CREATE INDEX "tz_greenland_mask_geom_gist" ON "tz_greenland_mask" USING GIST ("geom");
**************************

CREATE INDEX
********* QUERY **********
COMMIT;
**************************

COMMIT
********* QUERY **********
SET CLIENT_ENCODING TO UTF8;
**************************

SET
********* QUERY **********
SET STANDARD_CONFORMING_STRINGS TO ON;
**************************

SET
********* QUERY **********
SELECT DropGeometryColumn('','tz_greenland_mask','geom');
**************************

                 dropgeometrycolumn                 
----------------------------------------------------
 public.tz_greenland_mask.geom effectively removed.
(1 row)

********* QUERY **********
DROP TABLE "tz_greenland_mask";
**************************

DROP TABLE
********* QUERY **********
BEGIN;
**************************

BEGIN
********* QUERY **********
CREATE TABLE "tz_greenland_mask" (gid serial,
"tzid" varchar(20));
**************************

CREATE TABLE
********* QUERY **********
ALTER TABLE "tz_greenland_mask" ADD PRIMARY KEY (gid);
**************************

ALTER TABLE
********* QUERY **********
SELECT AddGeometryColumn('','tz_greenland_mask','geom','4326','POLYGON',2);
**************************

                      addgeometrycolumn                       
--------------------------------------------------------------
 public.tz_greenland_mask.geom SRID:4326 TYPE:POLYGON DIMS:2 
(1 row)

********* QUERY **********
INSERT INTO "tz_greenland_mask" ("tzid",geom) VALUES ('America/Thule','0103000020E6100000010000000500000000000080478E52C0000000E01ACD5140000000C064E452C000000060A2D953401C88E6D211B650C002917437E9E953403112F3D0D0AA4FC0B2B63C9D9FEB524000000080478E52C0000000E01ACD5140');
**************************

INSERT 0 1
********* QUERY **********
INSERT INTO "tz_greenland_mask" ("tzid",geom) VALUES ('America/Scoresbysund','0103000020E61000000100000005000000CCF9B4C8339538C040325F43F99F5140BD57339F876338C068AC1365C51D5240D3FF11BF372B35C01FBB16ABB2F451405D662A8E021C35C0D5D12E3149865140CCF9B4C8339538C040325F43F99F5140');
**************************

INSERT 0 1
********* QUERY **********
INSERT INTO "tz_greenland_mask" ("tzid",geom) VALUES ('America/Danmarkshavn','0103000020E61000000100000005000000F40A1D4739EB36C0A3C2F5A7B4FC524080FCA0E74EAC36C0C502D972D3E95340E80E06C964D330C0C66D8A0A05D8534047E63F46EA4831C0D80F319156E75240F40A1D4739EB36C0A3C2F5A7B4FC5240');
**************************

INSERT 0 1
********* QUERY **********
INSERT INTO "tz_greenland_mask" ("tzid",geom) VALUES ('America/Godthab','0103000020E610000001000000150000003112F3D0D0AA4FC0B2B63C9D9FEB52401C88E6D211B650C002917437E9E95340000000A0924151C000000060312454404D75354CE8F450C0AC866F7AD26A5540B4D8F68A271636C0C808076AA1785540B62AA084561625C06B2E21B706CC5440229D828F1DA623C0CDFBEC40A0805340E80E06C964D330C0C66D8A0A05D8534080FCA0E74EAC36C0C502D972D3E95340F40A1D4739EB36C0A3C2F5A7B4FC524047E63F46EA4831C0D80F319156E75240057E72F26AF22FC0E17A5CE940635240D3FF11BF372B35C01FBB16ABB2F45140BD57339F876338C068AC1365C51D5240CCF9B4C8339538C040325F43F99F51405D662A8E021C35C0D5D12E3149865140BF7D0D0C55F135C0402C737C20EC50401EA20419D72545C0D089E640098F4C40DA151B523C4A4AC05C14DCEE13D44C4014A4525EC4044FC08F458DB7D39151403112F3D0D0AA4FC0B2B63C9D9FEB5240');
**************************

INSERT 0 1
********* QUERY **********
CREATE INDEX "tz_greenland_mask_geom_gist" ON "tz_greenland_mask" USING GIST ("geom");
**************************

CREATE INDEX
********* QUERY **********
COMMIT;
**************************

COMMIT
********* QUERY **********
SET CLIENT_ENCODING TO UTF8;
**************************

SET
********* QUERY **********
SET STANDARD_CONFORMING_STRINGS TO ON;
**************************

SET
********* QUERY **********
SELECT DropGeometryColumn('','tz_greenland_mask','geom');
**************************

                 dropgeometrycolumn                 
----------------------------------------------------
 public.tz_greenland_mask.geom effectively removed.
(1 row)

********* QUERY **********
DROP TABLE "tz_greenland_mask";
**************************

DROP TABLE
********* QUERY **********
BEGIN;
**************************

BEGIN
********* QUERY **********
CREATE TABLE "tz_greenland_mask" (gid serial,
"tzid" varchar(20));
**************************

CREATE TABLE
********* QUERY **********
ALTER TABLE "tz_greenland_mask" ADD PRIMARY KEY (gid);
**************************

ALTER TABLE
********* QUERY **********
SELECT AddGeometryColumn('','tz_greenland_mask','geom','4326','POLYGON',2);
**************************

                      addgeometrycolumn                       
--------------------------------------------------------------
 public.tz_greenland_mask.geom SRID:4326 TYPE:POLYGON DIMS:2 
(1 row)

********* QUERY **********
INSERT INTO "tz_greenland_mask" ("tzid",geom) VALUES ('America/Thule','0103000020E6100000010000000500000000000080478E52C0000000E01ACD5140000000C064E452C000000060A2D953401C88E6D211B650C002917437E9E953403112F3D0D0AA4FC0B2B63C9D9FEB524000000080478E52C0000000E01ACD5140');
**************************

INSERT 0 1
********* QUERY **********
INSERT INTO "tz_greenland_mask" ("tzid",geom) VALUES ('America/Scoresbysund','0103000020E61000000100000005000000CCF9B4C8339538C040325F43F99F5140BD57339F876338C068AC1365C51D5240D3FF11BF372B35C01FBB16ABB2F451405D662A8E021C35C0D5D12E3149865140CCF9B4C8339538C040325F43F99F5140');
**************************

INSERT 0 1
********* QUERY **********
INSERT INTO "tz_greenland_mask" ("tzid",geom) VALUES ('America/Danmarkshavn','0103000020E61000000100000005000000F40A1D4739EB36C0A3C2F5A7B4FC524080FCA0E74EAC36C0C502D972D3E95340E80E06C964D330C0C66D8A0A05D8534047E63F46EA4831C0D80F319156E75240F40A1D4739EB36C0A3C2F5A7B4FC5240');
**************************

INSERT 0 1
********* QUERY **********
INSERT INTO "tz_greenland_mask" ("tzid",geom) VALUES ('America/Godthab','0103000020E610000001000000150000003112F3D0D0AA4FC0B2B63C9D9FEB52401C88E6D211B650C002917437E9E95340000000A0924151C000000060312454404D75354CE8F450C0AC866F7AD26A5540B4D8F68A271636C0C808076AA1785540B62AA084561625C06B2E21B706CC5440229D828F1DA623C0CDFBEC40A0805340E80E06C964D330C0C66D8A0A05D8534080FCA0E74EAC36C0C502D972D3E95340F40A1D4739EB36C0A3C2F5A7B4FC524047E63F46EA4831C0D80F319156E75240057E72F26AF22FC0E17A5CE940635240D3FF11BF372B35C01FBB16ABB2F45140BD57339F876338C068AC1365C51D5240CCF9B4C8339538C040325F43F99F51405D662A8E021C35C0D5D12E3149865140BF7D0D0C55F135C0402C737C20EC50401EA20419D72545C0D089E640098F4C40DA151B523C4A4AC05C14DCEE13D44C4014A4525EC4044FC08F458DB7D39151403112F3D0D0AA4FC0B2B63C9D9FEB5240');
**************************

INSERT 0 1
********* QUERY **********
CREATE INDEX "tz_greenland_mask_geom_gist" ON "tz_greenland_mask" USING GIST ("geom");
**************************

CREATE INDEX
********* QUERY **********
COMMIT;
**************************

COMMIT
********* QUERY **********
SET CLIENT_ENCODING TO UTF8;
**************************

SET
********* QUERY **********
SET STANDARD_CONFORMING_STRINGS TO ON;
**************************

SET
********* QUERY **********
SELECT DropGeometryColumn('','tz_greenland_mask','geom');
**************************

                 dropgeometrycolumn                 
----------------------------------------------------
 public.tz_greenland_mask.geom effectively removed.
(1 row)

********* QUERY **********
DROP TABLE "tz_greenland_mask";
**************************

DROP TABLE
********* QUERY **********
BEGIN;
**************************

BEGIN
********* QUERY **********
CREATE TABLE "tz_greenland_mask" (gid serial,
"tzid" varchar(20));
**************************

CREATE TABLE
********* QUERY **********
ALTER TABLE "tz_greenland_mask" ADD PRIMARY KEY (gid);
**************************

ALTER TABLE
********* QUERY **********
SELECT AddGeometryColumn('','tz_greenland_mask','geom','4326','POLYGON',2);
**************************

                      addgeometrycolumn                       
--------------------------------------------------------------
 public.tz_greenland_mask.geom SRID:4326 TYPE:POLYGON DIMS:2 
(1 row)

********* QUERY **********
INSERT INTO "tz_greenland_mask" ("tzid",geom) VALUES ('America/Thule','0103000020E6100000010000000500000000000080478E52C0000000E01ACD5140000000C064E452C000000060A2D953401C88E6D211B650C002917437E9E953403112F3D0D0AA4FC0B2B63C9D9FEB524000000080478E52C0000000E01ACD5140');
**************************

INSERT 0 1
********* QUERY **********
INSERT INTO "tz_greenland_mask" ("tzid",geom) VALUES ('America/Scoresbysund','0103000020E61000000100000005000000CCF9B4C8339538C040325F43F99F5140BD57339F876338C068AC1365C51D5240D3FF11BF372B35C01FBB16ABB2F451405D662A8E021C35C0D5D12E3149865140CCF9B4C8339538C040325F43F99F5140');
**************************

INSERT 0 1
********* QUERY **********
INSERT INTO "tz_greenland_mask" ("tzid",geom) VALUES ('America/Danmarkshavn','0103000020E61000000100000005000000F40A1D4739EB36C0A3C2F5A7B4FC524080FCA0E74EAC36C0C502D972D3E95340E80E06C964D330C0C66D8A0A05D8534047E63F46EA4831C0D80F319156E75240F40A1D4739EB36C0A3C2F5A7B4FC5240');
**************************

INSERT 0 1
********* QUERY **********
INSERT INTO "tz_greenland_mask" ("tzid",geom) VALUES ('America/Godthab','0103000020E610000001000000150000003112F3D0D0AA4FC0B2B63C9D9FEB52401C88E6D211B650C002917437E9E95340000000A0924151C000000060312454404D75354CE8F450C0AC866F7AD26A5540B4D8F68A271636C0C808076AA1785540B62AA084561625C06B2E21B706CC5440229D828F1DA623C0CDFBEC40A0805340E80E06C964D330C0C66D8A0A05D8534080FCA0E74EAC36C0C502D972D3E95340F40A1D4739EB36C0A3C2F5A7B4FC524047E63F46EA4831C0D80F319156E75240057E72F26AF22FC0E17A5CE940635240D3FF11BF372B35C01FBB16ABB2F45140BD57339F876338C068AC1365C51D5240CCF9B4C8339538C040325F43F99F51405D662A8E021C35C0D5D12E3149865140BF7D0D0C55F135C0402C737C20EC50401EA20419D72545C0D089E640098F4C40DA151B523C4A4AC05C14DCEE13D44C4014A4525EC4044FC08F458DB7D39151403112F3D0D0AA4FC0B2B63C9D9FEB5240');
**************************

INSERT 0 1
********* QUERY **********
CREATE INDEX "tz_greenland_mask_geom_gist" ON "tz_greenland_mask" USING GIST ("geom");
**************************

CREATE INDEX
********* QUERY **********
COMMIT;
**************************

COMMIT
********* QUERY **********
SET CLIENT_ENCODING TO UTF8;
**************************

SET
********* QUERY **********
SET STANDARD_CONFORMING_STRINGS TO ON;
**************************

SET
********* QUERY **********
SELECT DropGeometryColumn('','tz_greenland_mask','geom');
**************************

                 dropgeometrycolumn                 
----------------------------------------------------
 public.tz_greenland_mask.geom effectively removed.
(1 row)

********* QUERY **********
DROP TABLE "tz_greenland_mask";
**************************

DROP TABLE
********* QUERY **********
BEGIN;
**************************

BEGIN
********* QUERY **********
CREATE TABLE "tz_greenland_mask" (gid serial,
"tzid" varchar(20));
**************************

CREATE TABLE
********* QUERY **********
ALTER TABLE "tz_greenland_mask" ADD PRIMARY KEY (gid);
**************************

ALTER TABLE
********* QUERY **********
SELECT AddGeometryColumn('','tz_greenland_mask','geom','4326','POLYGON',2);
**************************

                      addgeometrycolumn                       
--------------------------------------------------------------
 public.tz_greenland_mask.geom SRID:4326 TYPE:POLYGON DIMS:2 
(1 row)

********* QUERY **********
INSERT INTO "tz_greenland_mask" ("tzid",geom) VALUES ('America/Thule','0103000020E6100000010000000500000000000080478E52C0000000E01ACD5140000000C064E452C000000060A2D953401C88E6D211B650C002917437E9E953403112F3D0D0AA4FC0B2B63C9D9FEB524000000080478E52C0000000E01ACD5140');
**************************

INSERT 0 1
********* QUERY **********
INSERT INTO "tz_greenland_mask" ("tzid",geom) VALUES ('America/Scoresbysund','0103000020E61000000100000005000000CCF9B4C8339538C040325F43F99F5140BD57339F876338C068AC1365C51D5240D3FF11BF372B35C01FBB16ABB2F451405D662A8E021C35C0D5D12E3149865140CCF9B4C8339538C040325F43F99F5140');
**************************

INSERT 0 1
********* QUERY **********
INSERT INTO "tz_greenland_mask" ("tzid",geom) VALUES ('America/Danmarkshavn','0103000020E61000000100000005000000F40A1D4739EB36C0A3C2F5A7B4FC524080FCA0E74EAC36C0C502D972D3E95340E80E06C964D330C0C66D8A0A05D8534047E63F46EA4831C0D80F319156E75240F40A1D4739EB36C0A3C2F5A7B4FC5240');
**************************

INSERT 0 1
********* QUERY **********
INSERT INTO "tz_greenland_mask" ("tzid",geom) VALUES ('America/Godthab','0103000020E610000001000000150000003112F3D0D0AA4FC0B2B63C9D9FEB52401C88E6D211B650C002917437E9E95340000000A0924151C000000060312454404D75354CE8F450C0AC866F7AD26A5540B4D8F68A271636C0C808076AA1785540B62AA084561625C06B2E21B706CC5440229D828F1DA623C0CDFBEC40A0805340E80E06C964D330C0C66D8A0A05D8534080FCA0E74EAC36C0C502D972D3E95340F40A1D4739EB36C0A3C2F5A7B4FC524047E63F46EA4831C0D80F319156E75240057E72F26AF22FC0E17A5CE940635240D3FF11BF372B35C01FBB16ABB2F45140BD57339F876338C068AC1365C51D5240CCF9B4C8339538C040325F43F99F51405D662A8E021C35C0D5D12E3149865140BF7D0D0C55F135C0402C737C20EC50401EA20419D72545C0D089E640098F4C40DA151B523C4A4AC05C14DCEE13D44C4014A4525EC4044FC08F458DB7D39151403112F3D0D0AA4FC0B2B63C9D9FEB5240');
**************************

INSERT 0 1
********* QUERY **********
CREATE INDEX "tz_greenland_mask_geom_gist" ON "tz_greenland_mask" USING GIST ("geom");
**************************

CREATE INDEX
********* QUERY **********
COMMIT;
**************************

COMMIT
********* QUERY **********
SET CLIENT_ENCODING TO UTF8;
**************************

SET
********* QUERY **********
SET STANDARD_CONFORMING_STRINGS TO ON;
**************************

SET
********* QUERY **********
SELECT DropGeometryColumn('','tz_greenland_mask','geom');
**************************

                 dropgeometrycolumn                 
----------------------------------------------------
 public.tz_greenland_mask.geom effectively removed.
(1 row)

********* QUERY **********
DROP TABLE "tz_greenland_mask";
**************************

DROP TABLE
********* QUERY **********
BEGIN;
**************************

BEGIN
********* QUERY **********
CREATE TABLE "tz_greenland_mask" (gid serial,
"tzid" varchar(20));
**************************

CREATE TABLE
********* QUERY **********
ALTER TABLE "tz_greenland_mask" ADD PRIMARY KEY (gid);
**************************

ALTER TABLE
********* QUERY **********
SELECT AddGeometryColumn('','tz_greenland_mask','geom','4326','POLYGON',2);
**************************

                      addgeometrycolumn                       
--------------------------------------------------------------
 public.tz_greenland_mask.geom SRID:4326 TYPE:POLYGON DIMS:2 
(1 row)

********* QUERY **********
INSERT INTO "tz_greenland_mask" ("tzid",geom) VALUES ('America/Thule','0103000020E6100000010000000500000000000080478E52C0000000E01ACD5140000000C064E452C000000060A2D953401C88E6D211B650C002917437E9E953403112F3D0D0AA4FC0B2B63C9D9FEB524000000080478E52C0000000E01ACD5140');
**************************

INSERT 0 1
********* QUERY **********
INSERT INTO "tz_greenland_mask" ("tzid",geom) VALUES ('America/Scoresbysund','0103000020E61000000100000005000000CCF9B4C8339538C040325F43F99F5140BD57339F876338C068AC1365C51D5240D3FF11BF372B35C01FBB16ABB2F451405D662A8E021C35C0D5D12E3149865140CCF9B4C8339538C040325F43F99F5140');
**************************

INSERT 0 1
********* QUERY **********
INSERT INTO "tz_greenland_mask" ("tzid",geom) VALUES ('America/Danmarkshavn','0103000020E61000000100000005000000F40A1D4739EB36C0A3C2F5A7B4FC524080FCA0E74EAC36C0C502D972D3E95340E80E06C964D330C0C66D8A0A05D8534047E63F46EA4831C0D80F319156E75240F40A1D4739EB36C0A3C2F5A7B4FC5240');
**************************

INSERT 0 1
********* QUERY **********
INSERT INTO "tz_greenland_mask" ("tzid",geom) VALUES ('America/Godthab','0103000020E610000001000000150000003112F3D0D0AA4FC0B2B63C9D9FEB52401C88E6D211B650C002917437E9E95340000000A0924151C000000060312454404D75354CE8F450C0AC866F7AD26A5540B4D8F68A271636C0C808076AA1785540B62AA084561625C06B2E21B706CC5440229D828F1DA623C0CDFBEC40A0805340E80E06C964D330C0C66D8A0A05D8534080FCA0E74EAC36C0C502D972D3E95340F40A1D4739EB36C0A3C2F5A7B4FC524047E63F46EA4831C0D80F319156E75240057E72F26AF22FC0E17A5CE940635240D3FF11BF372B35C01FBB16ABB2F45140BD57339F876338C068AC1365C51D5240CCF9B4C8339538C040325F43F99F51405D662A8E021C35C0D5D12E3149865140BF7D0D0C55F135C0402C737C20EC50401EA20419D72545C0D089E640098F4C40DA151B523C4A4AC05C14DCEE13D44C4014A4525EC4044FC08F458DB7D39151403112F3D0D0AA4FC0B2B63C9D9FEB5240');
**************************

INSERT 0 1
********* QUERY **********
CREATE INDEX "tz_greenland_mask_geom_gist" ON "tz_greenland_mask" USING GIST ("geom");
**************************

CREATE INDEX
********* QUERY **********
COMMIT;
**************************

COMMIT
********* QUERY **********
SET CLIENT_ENCODING TO UTF8;
**************************

SET
********* QUERY **********
SET STANDARD_CONFORMING_STRINGS TO ON;
**************************

SET
********* QUERY **********
SELECT DropGeometryColumn('','tz_greenland_mask','geom');
**************************

                 dropgeometrycolumn                 
----------------------------------------------------
 public.tz_greenland_mask.geom effectively removed.
(1 row)

********* QUERY **********
DROP TABLE "tz_greenland_mask";
**************************

DROP TABLE
********* QUERY **********
BEGIN;
**************************

BEGIN
********* QUERY **********
CREATE TABLE "tz_greenland_mask" (gid serial,
"tzid" varchar(20));
**************************

CREATE TABLE
********* QUERY **********
ALTER TABLE "tz_greenland_mask" ADD PRIMARY KEY (gid);
**************************

ALTER TABLE
********* QUERY **********
SELECT AddGeometryColumn('','tz_greenland_mask','geom','4326','POLYGON',2);
**************************

                      addgeometrycolumn                       
--------------------------------------------------------------
 public.tz_greenland_mask.geom SRID:4326 TYPE:POLYGON DIMS:2 
(1 row)

********* QUERY **********
INSERT INTO "tz_greenland_mask" ("tzid",geom) VALUES ('America/Thule','0103000020E6100000010000000500000000000080478E52C0000000E01ACD5140000000C064E452C000000060A2D953401C88E6D211B650C002917437E9E953403112F3D0D0AA4FC0B2B63C9D9FEB524000000080478E52C0000000E01ACD5140');
**************************

INSERT 0 1
********* QUERY **********
INSERT INTO "tz_greenland_mask" ("tzid",geom) VALUES ('America/Scoresbysund','0103000020E61000000100000005000000CCF9B4C8339538C040325F43F99F5140BD57339F876338C068AC1365C51D5240D3FF11BF372B35C01FBB16ABB2F451405D662A8E021C35C0D5D12E3149865140CCF9B4C8339538C040325F43F99F5140');
**************************

INSERT 0 1
********* QUERY **********
INSERT INTO "tz_greenland_mask" ("tzid",geom) VALUES ('America/Danmarkshavn','0103000020E61000000100000005000000F40A1D4739EB36C0A3C2F5A7B4FC524080FCA0E74EAC36C0C502D972D3E95340E80E06C964D330C0C66D8A0A05D8534047E63F46EA4831C0D80F319156E75240F40A1D4739EB36C0A3C2F5A7B4FC5240');
**************************

INSERT 0 1
********* QUERY **********
INSERT INTO "tz_greenland_mask" ("tzid",geom) VALUES ('America/Godthab','0103000020E610000001000000150000003112F3D0D0AA4FC0B2B63C9D9FEB52401C88E6D211B650C002917437E9E95340000000A0924151C000000060312454404D75354CE8F450C0AC866F7AD26A5540B4D8F68A271636C0C808076AA1785540B62AA084561625C06B2E21B706CC5440229D828F1DA623C0CDFBEC40A0805340E80E06C964D330C0C66D8A0A05D8534080FCA0E74EAC36C0C502D972D3E95340F40A1D4739EB36C0A3C2F5A7B4FC524047E63F46EA4831C0D80F319156E75240057E72F26AF22FC0E17A5CE940635240D3FF11BF372B35C01FBB16ABB2F45140BD57339F876338C068AC1365C51D5240CCF9B4C8339538C040325F43F99F51405D662A8E021C35C0D5D12E3149865140BF7D0D0C55F135C0402C737C20EC50401EA20419D72545C0D089E640098F4C40DA151B523C4A4AC05C14DCEE13D44C4014A4525EC4044FC08F458DB7D39151403112F3D0D0AA4FC0B2B63C9D9FEB5240');
**************************

INSERT 0 1
********* QUERY **********
CREATE INDEX "tz_greenland_mask_geom_gist" ON "tz_greenland_mask" USING GIST ("geom");
**************************

CREATE INDEX
********* QUERY **********
COMMIT;
**************************

COMMIT
********* QUERY **********
SET CLIENT_ENCODING TO UTF8;
**************************

SET
********* QUERY **********
SET STANDARD_CONFORMING_STRINGS TO ON;
**************************

SET
********* QUERY **********
SELECT DropGeometryColumn('','tz_greenland_mask','geom');
**************************

                 dropgeometrycolumn                 
----------------------------------------------------
 public.tz_greenland_mask.geom effectively removed.
(1 row)

********* QUERY **********
DROP TABLE "tz_greenland_mask";
**************************

DROP TABLE
********* QUERY **********
BEGIN;
**************************

BEGIN
********* QUERY **********
CREATE TABLE "tz_greenland_mask" (gid serial,
"tzid" varchar(20));
**************************

CREATE TABLE
********* QUERY **********
ALTER TABLE "tz_greenland_mask" ADD PRIMARY KEY (gid);
**************************

ALTER TABLE
********* QUERY **********
SELECT AddGeometryColumn('','tz_greenland_mask','geom','4326','POLYGON',2);
**************************

                      addgeometrycolumn                       
--------------------------------------------------------------
 public.tz_greenland_mask.geom SRID:4326 TYPE:POLYGON DIMS:2 
(1 row)

********* QUERY **********
INSERT INTO "tz_greenland_mask" ("tzid",geom) VALUES ('America/Thule','0103000020E6100000010000000500000000000080478E52C0000000E01ACD5140000000C064E452C000000060A2D953401C88E6D211B650C002917437E9E953403112F3D0D0AA4FC0B2B63C9D9FEB524000000080478E52C0000000E01ACD5140');
**************************

INSERT 0 1
********* QUERY **********
INSERT INTO "tz_greenland_mask" ("tzid",geom) VALUES ('America/Scoresbysund','0103000020E61000000100000005000000CCF9B4C8339538C040325F43F99F5140BD57339F876338C068AC1365C51D5240D3FF11BF372B35C01FBB16ABB2F451405D662A8E021C35C0D5D12E3149865140CCF9B4C8339538C040325F43F99F5140');
**************************

INSERT 0 1
********* QUERY **********
INSERT INTO "tz_greenland_mask" ("tzid",geom) VALUES ('America/Danmarkshavn','0103000020E61000000100000005000000F40A1D4739EB36C0A3C2F5A7B4FC524080FCA0E74EAC36C0C502D972D3E95340E80E06C964D330C0C66D8A0A05D8534047E63F46EA4831C0D80F319156E75240F40A1D4739EB36C0A3C2F5A7B4FC5240');
**************************

INSERT 0 1
********* QUERY **********
INSERT INTO "tz_greenland_mask" ("tzid",geom) VALUES ('America/Godthab','0103000020E610000001000000150000003112F3D0D0AA4FC0B2B63C9D9FEB52401C88E6D211B650C002917437E9E95340000000A0924151C000000060312454404D75354CE8F450C0AC866F7AD26A5540B4D8F68A271636C0C808076AA1785540B62AA084561625C06B2E21B706CC5440229D828F1DA623C0CDFBEC40A0805340E80E06C964D330C0C66D8A0A05D8534080FCA0E74EAC36C0C502D972D3E95340F40A1D4739EB36C0A3C2F5A7B4FC524047E63F46EA4831C0D80F319156E75240057E72F26AF22FC0E17A5CE940635240D3FF11BF372B35C01FBB16ABB2F45140BD57339F876338C068AC1365C51D5240CCF9B4C8339538C040325F43F99F51405D662A8E021C35C0D5D12E3149865140BF7D0D0C55F135C0402C737C20EC50401EA20419D72545C0D089E640098F4C40DA151B523C4A4AC05C14DCEE13D44C4014A4525EC4044FC08F458DB7D39151403112F3D0D0AA4FC0B2B63C9D9FEB5240');
**************************

INSERT 0 1
********* QUERY **********
CREATE INDEX "tz_greenland_mask_geom_gist" ON "tz_greenland_mask" USING GIST ("geom");
**************************

CREATE INDEX
********* QUERY **********
COMMIT;
**************************

COMMIT
********* QUERY **********
SET CLIENT_ENCODING TO UTF8;
**************************

SET
********* QUERY **********
SET STANDARD_CONFORMING_STRINGS TO ON;
**************************

SET
********* QUERY **********
SELECT DropGeometryColumn('','tz_greenland_mask','geom');
**************************

********* QUERY **********
DROP TABLE "tz_greenland_mask";
**************************

********* QUERY **********
BEGIN;
**************************

BEGIN
********* QUERY **********
CREATE TABLE "tz_greenland_mask" (gid serial,
"tzid" varchar(20));
**************************

CREATE TABLE
********* QUERY **********
ALTER TABLE "tz_greenland_mask" ADD PRIMARY KEY (gid);
**************************

ALTER TABLE
********* QUERY **********
SELECT AddGeometryColumn('','tz_greenland_mask','geom','4326','POLYGON',2);
**************************

                      addgeometrycolumn                       
--------------------------------------------------------------
 public.tz_greenland_mask.geom SRID:4326 TYPE:POLYGON DIMS:2 
(1 row)

********* QUERY **********
INSERT INTO "tz_greenland_mask" ("tzid",geom) VALUES ('America/Thule','0103000020E6100000010000000500000000000080478E52C0000000E01ACD5140000000C064E452C000000060A2D953401C88E6D211B650C002917437E9E953403112F3D0D0AA4FC0B2B63C9D9FEB524000000080478E52C0000000E01ACD5140');
**************************

INSERT 0 1
********* QUERY **********
INSERT INTO "tz_greenland_mask" ("tzid",geom) VALUES ('America/Scoresbysund','0103000020E61000000100000005000000CCF9B4C8339538C040325F43F99F5140BD57339F876338C068AC1365C51D5240D3FF11BF372B35C01FBB16ABB2F451405D662A8E021C35C0D5D12E3149865140CCF9B4C8339538C040325F43F99F5140');
**************************

INSERT 0 1
********* QUERY **********
INSERT INTO "tz_greenland_mask" ("tzid",geom) VALUES ('America/Danmarkshavn','0103000020E61000000100000005000000F40A1D4739EB36C0A3C2F5A7B4FC524080FCA0E74EAC36C0C502D972D3E95340E80E06C964D330C0C66D8A0A05D8534047E63F46EA4831C0D80F319156E75240F40A1D4739EB36C0A3C2F5A7B4FC5240');
**************************

INSERT 0 1
********* QUERY **********
INSERT INTO "tz_greenland_mask" ("tzid",geom) VALUES ('America/Godthab','0103000020E610000001000000150000003112F3D0D0AA4FC0B2B63C9D9FEB52401C88E6D211B650C002917437E9E95340000000A0924151C000000060312454404D75354CE8F450C0AC866F7AD26A5540B4D8F68A271636C0C808076AA1785540B62AA084561625C06B2E21B706CC5440229D828F1DA623C0CDFBEC40A0805340E80E06C964D330C0C66D8A0A05D8534080FCA0E74EAC36C0C502D972D3E95340F40A1D4739EB36C0A3C2F5A7B4FC524047E63F46EA4831C0D80F319156E75240057E72F26AF22FC0E17A5CE940635240D3FF11BF372B35C01FBB16ABB2F45140BD57339F876338C068AC1365C51D5240CCF9B4C8339538C040325F43F99F51405D662A8E021C35C0D5D12E3149865140BF7D0D0C55F135C0402C737C20EC50401EA20419D72545C0D089E640098F4C40DA151B523C4A4AC05C14DCEE13D44C4014A4525EC4044FC08F458DB7D39151403112F3D0D0AA4FC0B2B63C9D9FEB5240');
**************************

INSERT 0 1
********* QUERY **********
CREATE INDEX "tz_greenland_mask_geom_gist" ON "tz_greenland_mask" USING GIST ("geom");
**************************

CREATE INDEX
********* QUERY **********
COMMIT;
**************************

COMMIT
